0 info it worked if it ends with ok
1 verbose cli [ '/usr/local/Cellar/node/5.9.0/bin/node',
1 verbose cli   '/usr/local/bin/npm',
1 verbose cli   'run',
1 verbose cli   'start' ]
2 info using npm@3.8.2
3 info using node@v5.9.0
4 verbose run-script [ 'prestart', 'start', 'poststart' ]
5 info lifecycle github-battle@1.0.0~prestart: github-battle@1.0.0
6 silly lifecycle github-battle@1.0.0~prestart: no script for prestart, continuing
7 info lifecycle github-battle@1.0.0~start: github-battle@1.0.0
8 verbose lifecycle github-battle@1.0.0~start: unsafe-perm in lifecycle true
9 verbose lifecycle github-battle@1.0.0~start: PATH: /usr/local/lib/node_modules/npm/bin/node-gyp-bin:/Library/WebServer/Documents/Websites/github-battle/node_modules/.bin:/usr/local/Cellar/node/5.9.0/bin:/Users/edvins.antonovs/bin:/usr/local/bin:/usr/local/mysql/bin:/usr/local/bin:/usr/bin:/bin:/usr/sbin:/sbin:/usr/local/MacGPG2/bin
10 verbose lifecycle github-battle@1.0.0~start: CWD: /Library/WebServer/Documents/Websites/github-battle
11 silly lifecycle github-battle@1.0.0~start: Args: [ '-c', 'webpac-dev-server' ]
12 info lifecycle github-battle@1.0.0~start: Failed to exec start script
13 verbose stack Error: github-battle@1.0.0 start: `webpac-dev-server`
13 verbose stack spawn ENOENT
13 verbose stack     at ChildProcess.<anonymous> (/usr/local/lib/node_modules/npm/lib/utils/spawn.js:17:16)
13 verbose stack     at emitTwo (events.js:100:13)
13 verbose stack     at ChildProcess.emit (events.js:185:7)
13 verbose stack     at maybeClose (internal/child_process.js:850:16)
13 verbose stack     at Process.ChildProcess._handle.onexit (internal/child_process.js:215:5)
14 verbose pkgid github-battle@1.0.0
15 verbose cwd /Library/WebServer/Documents/Websites/github-battle
16 error Darwin 15.0.0
17 error argv "/usr/local/Cellar/node/5.9.0/bin/node" "/usr/local/bin/npm" "run" "start"
18 error node v5.9.0
19 error npm  v3.8.2
20 error file sh
21 error code ELIFECYCLE
22 error errno ENOENT
23 error syscall spawn
24 error github-battle@1.0.0 start: `webpac-dev-server`
24 error spawn ENOENT
25 error Failed at the github-battle@1.0.0 start script 'webpac-dev-server'.
25 error Make sure you have the latest version of node.js and npm installed.
25 error If you do, this is most likely a problem with the github-battle package,
25 error not with npm itself.
25 error Tell the author that this fails on your system:
25 error     webpac-dev-server
25 error You can get information on how to open an issue for this project with:
25 error     npm bugs github-battle
25 error Or if that isn't available, you can get their info via:
25 error     npm owner ls github-battle
25 error There is likely additional logging output above.
26 verbose exit [ 1, true ]
